<?xml version="1.0" encoding="UTF-8"?>
<!-- Generated by org.testng.reporters.JUnitReportReporter -->
<testsuite skipped="8" hostname="Samsu-PC" name="com.actitime.qa.testcases.LoginPageTest" tests="9" failures="0" timestamp="05 Apr 2021 13:10:02 GMT" time="67.044" errors="1">
  <testcase name="setUp" time="66.913" classname="com.actitime.qa.testcases.LoginPageTest">
    <error type="org.openqa.selenium.SessionNotCreatedException" message="session not created: This version of ChromeDriver only supports Chrome version 85
Build info: version: &#039;3.14.0&#039;, revision: &#039;aacccce0&#039;, time: &#039;2018-08-02T20:19:58.91Z&#039;
System info: host: &#039;SAMSU-PC&#039;, ip: &#039;192.168.0.11&#039;, os.name: &#039;Windows 7&#039;, os.arch: &#039;amd64&#039;, os.version: &#039;6.1&#039;, java.version: &#039;1.8.0_101&#039;
Driver info: driver.version: ChromeDriver
remote stacktrace: Backtrace:
	Ordinal0 [0x00C7D383+3134339]
	Ordinal0 [0x00B6A171+2007409]
	Ordinal0 [0x00A0AEE8+569064]
	Ordinal0 [0x0099139F+70559]
	Ordinal0 [0x0098CC63+52323]
	Ordinal0 [0x009B0DFC+200188]
	Ordinal0 [0x009B0C1D+199709]
	Ordinal0 [0x009AEB0B+191243]
	Ordinal0 [0x00992E77+77431]
	Ordinal0 [0x00993E3E+81470]
	Ordinal0 [0x00993DC9+81353]
	Ordinal0 [0x00B80CD9+2100441]
	GetHandleVerifier [0x00DEB75A+1396954]
	GetHandleVerifier [0x00DEB3D9+1396057]
	GetHandleVerifier [0x00DF7126+1444518]
	GetHandleVerifier [0x00DEBCE8+1398376]
	Ordinal0 [0x00B77F51+2064209]
	Ordinal0 [0x00B822EB+2106091]
	Ordinal0 [0x00B82411+2106385]
	Ordinal0 [0x00B949C4+2181572]
	BaseThreadInitThunk [0x76E6338A+18]
	RtlInitializeExceptionChain [0x778D9F72+99]
	RtlInitializeExceptionChain [0x778D9F45+54]
">
      <![CDATA[org.openqa.selenium.SessionNotCreatedException: session not created: This version of ChromeDriver only supports Chrome version 85
Build info: version: '3.14.0', revision: 'aacccce0', time: '2018-08-02T20:19:58.91Z'
System info: host: 'SAMSU-PC', ip: '192.168.0.11', os.name: 'Windows 7', os.arch: 'amd64', os.version: '6.1', java.version: '1.8.0_101'
Driver info: driver.version: ChromeDriver
remote stacktrace: Backtrace:
	Ordinal0 [0x00C7D383+3134339]
	Ordinal0 [0x00B6A171+2007409]
	Ordinal0 [0x00A0AEE8+569064]
	Ordinal0 [0x0099139F+70559]
	Ordinal0 [0x0098CC63+52323]
	Ordinal0 [0x009B0DFC+200188]
	Ordinal0 [0x009B0C1D+199709]
	Ordinal0 [0x009AEB0B+191243]
	Ordinal0 [0x00992E77+77431]
	Ordinal0 [0x00993E3E+81470]
	Ordinal0 [0x00993DC9+81353]
	Ordinal0 [0x00B80CD9+2100441]
	GetHandleVerifier [0x00DEB75A+1396954]
	GetHandleVerifier [0x00DEB3D9+1396057]
	GetHandleVerifier [0x00DF7126+1444518]
	GetHandleVerifier [0x00DEBCE8+1398376]
	Ordinal0 [0x00B77F51+2064209]
	Ordinal0 [0x00B822EB+2106091]
	Ordinal0 [0x00B82411+2106385]
	Ordinal0 [0x00B949C4+2181572]
	BaseThreadInitThunk [0x76E6338A+18]
	RtlInitializeExceptionChain [0x778D9F72+99]
	RtlInitializeExceptionChain [0x778D9F45+54]

	at sun.reflect.NativeConstructorAccessorImpl.newInstance0(Native Method)
	at sun.reflect.NativeConstructorAccessorImpl.newInstance(Unknown Source)
	at sun.reflect.DelegatingConstructorAccessorImpl.newInstance(Unknown Source)
	at java.lang.reflect.Constructor.newInstance(Unknown Source)
	at org.openqa.selenium.remote.W3CHandshakeResponse.lambda$new$0(W3CHandshakeResponse.java:57)
	at org.openqa.selenium.remote.W3CHandshakeResponse.lambda$getResponseFunction$2(W3CHandshakeResponse.java:104)
	at org.openqa.selenium.remote.ProtocolHandshake.lambda$createSession$0(ProtocolHandshake.java:122)
	at java.util.stream.ReferencePipeline$3$1.accept(Unknown Source)
	at java.util.Spliterators$ArraySpliterator.tryAdvance(Unknown Source)
	at java.util.stream.ReferencePipeline.forEachWithCancel(Unknown Source)
	at java.util.stream.AbstractPipeline.copyIntoWithCancel(Unknown Source)
	at java.util.stream.AbstractPipeline.copyInto(Unknown Source)
	at java.util.stream.AbstractPipeline.wrapAndCopyInto(Unknown Source)
	at java.util.stream.FindOps$FindOp.evaluateSequential(Unknown Source)
	at java.util.stream.AbstractPipeline.evaluate(Unknown Source)
	at java.util.stream.ReferencePipeline.findFirst(Unknown Source)
	at org.openqa.selenium.remote.ProtocolHandshake.createSession(ProtocolHandshake.java:125)
	at org.openqa.selenium.remote.ProtocolHandshake.createSession(ProtocolHandshake.java:73)
	at org.openqa.selenium.remote.HttpCommandExecutor.execute(HttpCommandExecutor.java:136)
	at org.openqa.selenium.remote.service.DriverCommandExecutor.execute(DriverCommandExecutor.java:83)
	at org.openqa.selenium.remote.RemoteWebDriver.execute(RemoteWebDriver.java:548)
	at org.openqa.selenium.remote.RemoteWebDriver.startSession(RemoteWebDriver.java:212)
	at org.openqa.selenium.remote.RemoteWebDriver.<init>(RemoteWebDriver.java:130)
	at org.openqa.selenium.chrome.ChromeDriver.<init>(ChromeDriver.java:181)
	at org.openqa.selenium.chrome.ChromeDriver.<init>(ChromeDriver.java:168)
	at org.openqa.selenium.chrome.ChromeDriver.<init>(ChromeDriver.java:123)
	at com.actitime.qa.base.TestBase.initialization(TestBase.java:44)
	at com.actitime.qa.testcases.LoginPageTest.setUp(LoginPageTest.java:30)
	at sun.reflect.NativeMethodAccessorImpl.invoke0(Native Method)
	at sun.reflect.NativeMethodAccessorImpl.invoke(Unknown Source)
	at sun.reflect.DelegatingMethodAccessorImpl.invoke(Unknown Source)
	at java.lang.reflect.Method.invoke(Unknown Source)
	at org.testng.internal.MethodInvocationHelper.invokeMethod(MethodInvocationHelper.java:108)
	at org.testng.internal.Invoker.invokeConfigurationMethod(Invoker.java:523)
	at org.testng.internal.Invoker.invokeConfigurations(Invoker.java:224)
	at org.testng.internal.Invoker.invokeMethod(Invoker.java:599)
	at org.testng.internal.Invoker.invokeTestMethod(Invoker.java:869)
	at org.testng.internal.Invoker.invokeTestMethods(Invoker.java:1193)
	at org.testng.internal.TestMethodWorker.invokeTestMethods(TestMethodWorker.java:126)
	at org.testng.internal.TestMethodWorker.run(TestMethodWorker.java:109)
	at org.testng.TestRunner.privateRun(TestRunner.java:744)
	at org.testng.TestRunner.run(TestRunner.java:602)
	at org.testng.SuiteRunner.runTest(SuiteRunner.java:380)
	at org.testng.SuiteRunner.runSequentially(SuiteRunner.java:375)
	at org.testng.SuiteRunner.privateRun(SuiteRunner.java:340)
	at org.testng.SuiteRunner.run(SuiteRunner.java:289)
	at org.testng.SuiteRunnerWorker.runSuite(SuiteRunnerWorker.java:52)
	at org.testng.SuiteRunnerWorker.run(SuiteRunnerWorker.java:86)
	at org.testng.TestNG.runSuitesSequentially(TestNG.java:1301)
	at org.testng.TestNG.runSuitesLocally(TestNG.java:1226)
	at org.testng.TestNG.runSuites(TestNG.java:1144)
	at org.testng.TestNG.run(TestNG.java:1115)
	at org.testng.remote.AbstractRemoteTestNG.run(AbstractRemoteTestNG.java:132)
	at org.testng.remote.RemoteTestNG.initAndRun(RemoteTestNG.java:236)
	at org.testng.remote.RemoteTestNG.main(RemoteTestNG.java:81)
]]>
    </error>
  </testcase> <!-- setUp -->
  <testcase name="loginPageTitleTest" time="0.131" classname="com.actitime.qa.testcases.LoginPageTest">
    <skipped/>
  </testcase> <!-- loginPageTitleTest -->
  <testcase name="actiTimeLogoAndProdNameTest" time="0.000" classname="com.actitime.qa.testcases.LoginPageTest">
    <skipped/>
  </testcase> <!-- actiTimeLogoAndProdNameTest -->
  <testcase name="loginTest" time="0.000" classname="com.actitime.qa.testcases.LoginPageTest">
    <skipped/>
  </testcase> <!-- loginTest -->
  <testcase name="forgotPwdLinkTest" time="0.000" classname="com.actitime.qa.testcases.LoginPageTest">
    <skipped/>
  </testcase> <!-- forgotPwdLinkTest -->
  <testcase name="KeepMeLoggedInTest" time="0.000" classname="com.actitime.qa.testcases.LoginPageTest">
    <skipped/>
  </testcase> <!-- KeepMeLoggedInTest -->
  <testcase name="checkBoxTest" time="0.000" classname="com.actitime.qa.testcases.LoginPageTest">
    <skipped/>
  </testcase> <!-- checkBoxTest -->
  <testcase name="copyRightTest" time="0.000" classname="com.actitime.qa.testcases.LoginPageTest">
    <skipped/>
  </testcase> <!-- copyRightTest -->
  <testcase name="versionTest" time="0.000" classname="com.actitime.qa.testcases.LoginPageTest">
    <skipped/>
  </testcase> <!-- versionTest -->
</testsuite> <!-- com.actitime.qa.testcases.LoginPageTest -->
